2014-05-15 00:50:05,606 - cz.cvut.fit.bouchja1.ensemble.storage.CassandraStorage - INFO - Time: Thu May 15 00:50:00 CEST 2014Saving bandit with ID latest into collection : morning
2014-05-15 00:50:05,628 - cz.cvut.fit.bouchja1.ensemble.storage.CassandraStorage - INFO - Time: Thu May 15 00:50:05 CEST 2014Saving bandit with ID cfuser into collection : Europe
2014-05-15 00:50:05,639 - cz.cvut.fit.bouchja1.ensemble.storage.CassandraStorage - INFO - Time: Thu May 15 00:50:05 CEST 2014Saving bandit with ID cfitem into collection : Europe
2014-05-15 00:50:05,643 - cz.cvut.fit.bouchja1.ensemble.storage.CassandraStorage - INFO - Time: Thu May 15 00:50:05 CEST 2014Saving bandit with ID random into collection : Europe
2014-05-15 00:50:05,658 - cz.cvut.fit.bouchja1.ensemble.storage.CassandraStorage - INFO - Time: Thu May 15 00:50:05 CEST 2014Saving bandit with ID toprate into collection : Europe
2014-05-15 00:50:05,667 - cz.cvut.fit.bouchja1.ensemble.storage.CassandraStorage - INFO - Time: Thu May 15 00:50:05 CEST 2014Saving bandit with ID latest into collection : Europe
2014-05-15 00:50:10,000 - cz.cvut.fit.bouchja1.ensemble.spring.ScheduledJob - INFO - Scheduled job to persist current application job started.
2014-05-15 00:50:12,520 - cz.cvut.fit.bouchja1.ensemble.storage.CassandraStorage - INFO - Time: Thu May 15 00:50:12 CEST 2014Saving bandit with ID cfuser into collection : morning
2014-05-15 00:50:12,522 - cz.cvut.fit.bouchja1.ensemble.storage.CassandraStorage - INFO - Time: Thu May 15 00:50:12 CEST 2014Saving bandit with ID cfitem into collection : morning
2014-05-15 00:50:12,525 - cz.cvut.fit.bouchja1.ensemble.storage.CassandraStorage - INFO - Time: Thu May 15 00:50:12 CEST 2014Saving bandit with ID random into collection : morning
2014-05-15 00:50:12,527 - cz.cvut.fit.bouchja1.ensemble.storage.CassandraStorage - INFO - Time: Thu May 15 00:50:12 CEST 2014Saving bandit with ID toprate into collection : morning
2014-05-15 00:50:12,529 - cz.cvut.fit.bouchja1.ensemble.storage.CassandraStorage - INFO - Time: Thu May 15 00:50:12 CEST 2014Saving bandit with ID latest into collection : morning
2014-05-15 00:50:12,533 - cz.cvut.fit.bouchja1.ensemble.storage.CassandraStorage - INFO - Time: Thu May 15 00:50:12 CEST 2014Saving bandit with ID cfuser into collection : Europe
2014-05-15 00:50:12,535 - cz.cvut.fit.bouchja1.ensemble.storage.CassandraStorage - INFO - Time: Thu May 15 00:50:12 CEST 2014Saving bandit with ID cfitem into collection : Europe
2014-05-15 00:50:12,536 - cz.cvut.fit.bouchja1.ensemble.storage.CassandraStorage - INFO - Time: Thu May 15 00:50:12 CEST 2014Saving bandit with ID random into collection : Europe
2014-05-15 00:50:12,537 - cz.cvut.fit.bouchja1.ensemble.storage.CassandraStorage - INFO - Time: Thu May 15 00:50:12 CEST 2014Saving bandit with ID toprate into collection : Europe
2014-05-15 00:50:12,599 - cz.cvut.fit.bouchja1.ensemble.storage.CassandraStorage - INFO - Time: Thu May 15 00:50:12 CEST 2014Saving bandit with ID latest into collection : Europe
2014-05-15 00:50:15,000 - cz.cvut.fit.bouchja1.ensemble.spring.ScheduledJob - INFO - Scheduled job to persist current application job started.
2014-05-15 00:50:15,124 - cz.cvut.fit.bouchja1.ensemble.storage.CassandraStorage - INFO - Time: Thu May 15 00:50:15 CEST 2014Saving bandit with ID cfuser into collection : morning
2014-05-15 00:50:15,125 - cz.cvut.fit.bouchja1.ensemble.storage.CassandraStorage - INFO - Time: Thu May 15 00:50:15 CEST 2014Saving bandit with ID cfitem into collection : morning
2014-05-15 00:50:15,127 - cz.cvut.fit.bouchja1.ensemble.storage.CassandraStorage - INFO - Time: Thu May 15 00:50:15 CEST 2014Saving bandit with ID random into collection : morning
2014-05-15 00:50:15,128 - cz.cvut.fit.bouchja1.ensemble.storage.CassandraStorage - INFO - Time: Thu May 15 00:50:15 CEST 2014Saving bandit with ID toprate into collection : morning
2014-05-15 00:50:15,130 - cz.cvut.fit.bouchja1.ensemble.storage.CassandraStorage - INFO - Time: Thu May 15 00:50:15 CEST 2014Saving bandit with ID latest into collection : morning
2014-05-15 00:50:15,134 - cz.cvut.fit.bouchja1.ensemble.storage.CassandraStorage - INFO - Time: Thu May 15 00:50:15 CEST 2014Saving bandit with ID cfuser into collection : Europe
2014-05-15 00:50:15,135 - cz.cvut.fit.bouchja1.ensemble.storage.CassandraStorage - INFO - Time: Thu May 15 00:50:15 CEST 2014Saving bandit with ID cfitem into collection : Europe
2014-05-15 00:50:15,137 - cz.cvut.fit.bouchja1.ensemble.storage.CassandraStorage - INFO - Time: Thu May 15 00:50:15 CEST 2014Saving bandit with ID random into collection : Europe
2014-05-15 00:50:15,138 - cz.cvut.fit.bouchja1.ensemble.storage.CassandraStorage - INFO - Time: Thu May 15 00:50:15 CEST 2014Saving bandit with ID toprate into collection : Europe
2014-05-15 00:50:15,140 - cz.cvut.fit.bouchja1.ensemble.storage.CassandraStorage - INFO - Time: Thu May 15 00:50:15 CEST 2014Saving bandit with ID latest into collection : Europe
2014-05-15 00:50:20,001 - cz.cvut.fit.bouchja1.ensemble.spring.ScheduledJob - INFO - Scheduled job to persist current application job started.
2014-05-15 00:50:20,021 - cz.cvut.fit.bouchja1.ensemble.storage.CassandraStorage - INFO - Time: Thu May 15 00:50:20 CEST 2014Saving bandit with ID cfuser into collection : morning
2014-05-15 00:50:20,024 - cz.cvut.fit.bouchja1.ensemble.storage.CassandraStorage - INFO - Time: Thu May 15 00:50:20 CEST 2014Saving bandit with ID cfitem into collection : morning
2014-05-15 00:50:20,027 - cz.cvut.fit.bouchja1.ensemble.storage.CassandraStorage - INFO - Time: Thu May 15 00:50:20 CEST 2014Saving bandit with ID random into collection : morning
2014-05-15 00:50:20,030 - cz.cvut.fit.bouchja1.ensemble.storage.CassandraStorage - INFO - Time: Thu May 15 00:50:20 CEST 2014Saving bandit with ID toprate into collection : morning
2014-05-15 00:50:20,033 - cz.cvut.fit.bouchja1.ensemble.storage.CassandraStorage - INFO - Time: Thu May 15 00:50:20 CEST 2014Saving bandit with ID latest into collection : morning
2014-05-15 00:50:20,040 - cz.cvut.fit.bouchja1.ensemble.storage.CassandraStorage - INFO - Time: Thu May 15 00:50:20 CEST 2014Saving bandit with ID cfuser into collection : Europe
2014-05-15 00:50:20,042 - cz.cvut.fit.bouchja1.ensemble.storage.CassandraStorage - INFO - Time: Thu May 15 00:50:20 CEST 2014Saving bandit with ID cfitem into collection : Europe
2014-05-15 00:50:20,045 - cz.cvut.fit.bouchja1.ensemble.storage.CassandraStorage - INFO - Time: Thu May 15 00:50:20 CEST 2014Saving bandit with ID random into collection : Europe
2014-05-15 00:50:20,048 - cz.cvut.fit.bouchja1.ensemble.storage.CassandraStorage - INFO - Time: Thu May 15 00:50:20 CEST 2014Saving bandit with ID toprate into collection : Europe
2014-05-15 00:50:20,050 - cz.cvut.fit.bouchja1.ensemble.storage.CassandraStorage - INFO - Time: Thu May 15 00:50:20 CEST 2014Saving bandit with ID latest into collection : Europe
2014-05-15 00:50:25,000 - cz.cvut.fit.bouchja1.ensemble.spring.ScheduledJob - INFO - Scheduled job to persist current application job started.
2014-05-15 00:50:25,007 - cz.cvut.fit.bouchja1.ensemble.storage.CassandraStorage - INFO - Time: Thu May 15 00:50:25 CEST 2014Saving bandit with ID cfuser into collection : morning
2014-05-15 00:50:25,009 - cz.cvut.fit.bouchja1.ensemble.storage.CassandraStorage - INFO - Time: Thu May 15 00:50:25 CEST 2014Saving bandit with ID cfitem into collection : morning
2014-05-15 00:50:25,011 - cz.cvut.fit.bouchja1.ensemble.storage.CassandraStorage - INFO - Time: Thu May 15 00:50:25 CEST 2014Saving bandit with ID random into collection : morning
2014-05-15 00:50:25,013 - cz.cvut.fit.bouchja1.ensemble.storage.CassandraStorage - INFO - Time: Thu May 15 00:50:25 CEST 2014Saving bandit with ID toprate into collection : morning
2014-05-15 00:50:25,014 - cz.cvut.fit.bouchja1.ensemble.storage.CassandraStorage - INFO - Time: Thu May 15 00:50:25 CEST 2014Saving bandit with ID latest into collection : morning
2014-05-15 00:50:25,018 - cz.cvut.fit.bouchja1.ensemble.storage.CassandraStorage - INFO - Time: Thu May 15 00:50:25 CEST 2014Saving bandit with ID cfuser into collection : Europe
2014-05-15 00:50:25,019 - cz.cvut.fit.bouchja1.ensemble.storage.CassandraStorage - INFO - Time: Thu May 15 00:50:25 CEST 2014Saving bandit with ID cfitem into collection : Europe
2014-05-15 00:50:25,021 - cz.cvut.fit.bouchja1.ensemble.storage.CassandraStorage - INFO - Time: Thu May 15 00:50:25 CEST 2014Saving bandit with ID random into collection : Europe
2014-05-15 00:50:25,022 - cz.cvut.fit.bouchja1.ensemble.storage.CassandraStorage - INFO - Time: Thu May 15 00:50:25 CEST 2014Saving bandit with ID toprate into collection : Europe
2014-05-15 00:50:25,025 - cz.cvut.fit.bouchja1.ensemble.storage.CassandraStorage - INFO - Time: Thu May 15 00:50:25 CEST 2014Saving bandit with ID latest into collection : Europe
2014-05-15 00:50:30,000 - cz.cvut.fit.bouchja1.ensemble.spring.ScheduledJob - INFO - Scheduled job to persist current application job started.
2014-05-15 00:50:30,009 - cz.cvut.fit.bouchja1.ensemble.storage.CassandraStorage - INFO - Time: Thu May 15 00:50:30 CEST 2014Saving bandit with ID cfuser into collection : morning
2014-05-15 00:50:30,012 - cz.cvut.fit.bouchja1.ensemble.storage.CassandraStorage - INFO - Time: Thu May 15 00:50:30 CEST 2014Saving bandit with ID cfitem into collection : morning
2014-05-15 00:50:30,014 - cz.cvut.fit.bouchja1.ensemble.storage.CassandraStorage - INFO - Time: Thu May 15 00:50:30 CEST 2014Saving bandit with ID random into collection : morning
2014-05-15 00:50:30,018 - cz.cvut.fit.bouchja1.ensemble.storage.CassandraStorage - INFO - Time: Thu May 15 00:50:30 CEST 2014Saving bandit with ID toprate into collection : morning
2014-05-15 00:50:30,020 - cz.cvut.fit.bouchja1.ensemble.storage.CassandraStorage - INFO - Time: Thu May 15 00:50:30 CEST 2014Saving bandit with ID latest into collection : morning
2014-05-15 00:50:30,025 - cz.cvut.fit.bouchja1.ensemble.storage.CassandraStorage - INFO - Time: Thu May 15 00:50:30 CEST 2014Saving bandit with ID cfuser into collection : Europe
2014-05-15 00:50:30,093 - cz.cvut.fit.bouchja1.ensemble.storage.CassandraStorage - INFO - Time: Thu May 15 00:50:30 CEST 2014Saving bandit with ID cfitem into collection : Europe
2014-05-15 00:50:30,096 - cz.cvut.fit.bouchja1.ensemble.storage.CassandraStorage - INFO - Time: Thu May 15 00:50:30 CEST 2014Saving bandit with ID random into collection : Europe
2014-05-15 00:50:30,097 - cz.cvut.fit.bouchja1.ensemble.storage.CassandraStorage - INFO - Time: Thu May 15 00:50:30 CEST 2014Saving bandit with ID toprate into collection : Europe
2014-05-15 00:50:30,099 - cz.cvut.fit.bouchja1.ensemble.storage.CassandraStorage - INFO - Time: Thu May 15 00:50:30 CEST 2014Saving bandit with ID latest into collection : Europe
2014-05-15 00:50:35,000 - cz.cvut.fit.bouchja1.ensemble.spring.ScheduledJob - INFO - Scheduled job to persist current application job started.
2014-05-15 00:50:35,006 - cz.cvut.fit.bouchja1.ensemble.storage.CassandraStorage - INFO - Time: Thu May 15 00:50:35 CEST 2014Saving bandit with ID cfuser into collection : morning
2014-05-15 00:50:35,008 - cz.cvut.fit.bouchja1.ensemble.storage.CassandraStorage - INFO - Time: Thu May 15 00:50:35 CEST 2014Saving bandit with ID cfitem into collection : morning
2014-05-15 00:50:35,010 - cz.cvut.fit.bouchja1.ensemble.storage.CassandraStorage - INFO - Time: Thu May 15 00:50:35 CEST 2014Saving bandit with ID random into collection : morning
2014-05-15 00:50:35,014 - cz.cvut.fit.bouchja1.ensemble.storage.CassandraStorage - INFO - Time: Thu May 15 00:50:35 CEST 2014Saving bandit with ID toprate into collection : morning
2014-05-15 00:50:35,019 - cz.cvut.fit.bouchja1.ensemble.storage.CassandraStorage - INFO - Time: Thu May 15 00:50:35 CEST 2014Saving bandit with ID latest into collection : morning
2014-05-15 00:50:35,025 - cz.cvut.fit.bouchja1.ensemble.storage.CassandraStorage - INFO - Time: Thu May 15 00:50:35 CEST 2014Saving bandit with ID cfuser into collection : Europe
2014-05-15 00:50:35,027 - cz.cvut.fit.bouchja1.ensemble.storage.CassandraStorage - INFO - Time: Thu May 15 00:50:35 CEST 2014Saving bandit with ID cfitem into collection : Europe
2014-05-15 00:50:35,039 - cz.cvut.fit.bouchja1.ensemble.storage.CassandraStorage - INFO - Time: Thu May 15 00:50:35 CEST 2014Saving bandit with ID random into collection : Europe
2014-05-15 00:50:35,046 - cz.cvut.fit.bouchja1.ensemble.storage.CassandraStorage - INFO - Time: Thu May 15 00:50:35 CEST 2014Saving bandit with ID toprate into collection : Europe
2014-05-15 00:50:35,055 - cz.cvut.fit.bouchja1.ensemble.storage.CassandraStorage - INFO - Time: Thu May 15 00:50:35 CEST 2014Saving bandit with ID latest into collection : Europe
2014-05-15 00:50:40,000 - cz.cvut.fit.bouchja1.ensemble.spring.ScheduledJob - INFO - Scheduled job to persist current application job started.
2014-05-15 00:50:40,006 - cz.cvut.fit.bouchja1.ensemble.storage.CassandraStorage - INFO - Time: Thu May 15 00:50:40 CEST 2014Saving bandit with ID cfuser into collection : morning
2014-05-15 00:50:40,008 - cz.cvut.fit.bouchja1.ensemble.storage.CassandraStorage - INFO - Time: Thu May 15 00:50:40 CEST 2014Saving bandit with ID cfitem into collection : morning
2014-05-15 00:50:40,012 - cz.cvut.fit.bouchja1.ensemble.storage.CassandraStorage - INFO - Time: Thu May 15 00:50:40 CEST 2014Saving bandit with ID random into collection : morning
2014-05-15 00:50:40,014 - cz.cvut.fit.bouchja1.ensemble.storage.CassandraStorage - INFO - Time: Thu May 15 00:50:40 CEST 2014Saving bandit with ID toprate into collection : morning
2014-05-15 00:50:40,019 - cz.cvut.fit.bouchja1.ensemble.storage.CassandraStorage - INFO - Time: Thu May 15 00:50:40 CEST 2014Saving bandit with ID latest into collection : morning
2014-05-15 00:50:40,028 - cz.cvut.fit.bouchja1.ensemble.storage.CassandraStorage - INFO - Time: Thu May 15 00:50:40 CEST 2014Saving bandit with ID cfuser into collection : Europe
2014-05-15 00:50:40,035 - cz.cvut.fit.bouchja1.ensemble.storage.CassandraStorage - INFO - Time: Thu May 15 00:50:40 CEST 2014Saving bandit with ID cfitem into collection : Europe
2014-05-15 00:50:40,040 - cz.cvut.fit.bouchja1.ensemble.storage.CassandraStorage - INFO - Time: Thu May 15 00:50:40 CEST 2014Saving bandit with ID random into collection : Europe
2014-05-15 00:50:40,044 - cz.cvut.fit.bouchja1.ensemble.storage.CassandraStorage - INFO - Time: Thu May 15 00:50:40 CEST 2014Saving bandit with ID toprate into collection : Europe
2014-05-15 00:50:40,059 - cz.cvut.fit.bouchja1.ensemble.storage.CassandraStorage - INFO - Time: Thu May 15 00:50:40 CEST 2014Saving bandit with ID latest into collection : Europe
2014-05-15 00:50:45,000 - cz.cvut.fit.bouchja1.ensemble.spring.ScheduledJob - INFO - Scheduled job to persist current application job started.
2014-05-15 00:50:45,005 - cz.cvut.fit.bouchja1.ensemble.storage.CassandraStorage - INFO - Time: Thu May 15 00:50:45 CEST 2014Saving bandit with ID cfuser into collection : morning
2014-05-15 00:50:45,009 - cz.cvut.fit.bouchja1.ensemble.storage.CassandraStorage - INFO - Time: Thu May 15 00:50:45 CEST 2014Saving bandit with ID cfitem into collection : morning
2014-05-15 00:50:45,015 - cz.cvut.fit.bouchja1.ensemble.storage.CassandraStorage - INFO - Time: Thu May 15 00:50:45 CEST 2014Saving bandit with ID random into collection : morning
2014-05-15 00:50:45,017 - cz.cvut.fit.bouchja1.ensemble.storage.CassandraStorage - INFO - Time: Thu May 15 00:50:45 CEST 2014Saving bandit with ID toprate into collection : morning
2014-05-15 00:50:45,020 - cz.cvut.fit.bouchja1.ensemble.storage.CassandraStorage - INFO - Time: Thu May 15 00:50:45 CEST 2014Saving bandit with ID latest into collection : morning
2014-05-15 00:50:45,026 - cz.cvut.fit.bouchja1.ensemble.storage.CassandraStorage - INFO - Time: Thu May 15 00:50:45 CEST 2014Saving bandit with ID cfuser into collection : Europe
2014-05-15 00:50:45,029 - cz.cvut.fit.bouchja1.ensemble.storage.CassandraStorage - INFO - Time: Thu May 15 00:50:45 CEST 2014Saving bandit with ID cfitem into collection : Europe
2014-05-15 00:50:45,033 - cz.cvut.fit.bouchja1.ensemble.storage.CassandraStorage - INFO - Time: Thu May 15 00:50:45 CEST 2014Saving bandit with ID random into collection : Europe
2014-05-15 00:50:45,037 - cz.cvut.fit.bouchja1.ensemble.storage.CassandraStorage - INFO - Time: Thu May 15 00:50:45 CEST 2014Saving bandit with ID toprate into collection : Europe
2014-05-15 00:50:45,039 - cz.cvut.fit.bouchja1.ensemble.storage.CassandraStorage - INFO - Time: Thu May 15 00:50:45 CEST 2014Saving bandit with ID latest into collection : Europe
2014-05-15 00:50:50,000 - cz.cvut.fit.bouchja1.ensemble.spring.ScheduledJob - INFO - Scheduled job to persist current application job started.
2014-05-15 00:50:50,008 - cz.cvut.fit.bouchja1.ensemble.storage.CassandraStorage - INFO - Time: Thu May 15 00:50:50 CEST 2014Saving bandit with ID cfuser into collection : morning
2014-05-15 00:50:50,010 - cz.cvut.fit.bouchja1.ensemble.storage.CassandraStorage - INFO - Time: Thu May 15 00:50:50 CEST 2014Saving bandit with ID cfitem into collection : morning
2014-05-15 00:50:50,012 - cz.cvut.fit.bouchja1.ensemble.storage.CassandraStorage - INFO - Time: Thu May 15 00:50:50 CEST 2014Saving bandit with ID random into collection : morning
2014-05-15 00:50:50,014 - cz.cvut.fit.bouchja1.ensemble.storage.CassandraStorage - INFO - Time: Thu May 15 00:50:50 CEST 2014Saving bandit with ID toprate into collection : morning
2014-05-15 00:50:50,016 - cz.cvut.fit.bouchja1.ensemble.storage.CassandraStorage - INFO - Time: Thu May 15 00:50:50 CEST 2014Saving bandit with ID latest into collection : morning
2014-05-15 00:50:50,031 - cz.cvut.fit.bouchja1.ensemble.storage.CassandraStorage - INFO - Time: Thu May 15 00:50:50 CEST 2014Saving bandit with ID cfuser into collection : Europe
2014-05-15 00:50:50,034 - cz.cvut.fit.bouchja1.ensemble.storage.CassandraStorage - INFO - Time: Thu May 15 00:50:50 CEST 2014Saving bandit with ID cfitem into collection : Europe
2014-05-15 00:50:50,037 - cz.cvut.fit.bouchja1.ensemble.storage.CassandraStorage - INFO - Time: Thu May 15 00:50:50 CEST 2014Saving bandit with ID random into collection : Europe
2014-05-15 00:50:50,040 - cz.cvut.fit.bouchja1.ensemble.storage.CassandraStorage - INFO - Time: Thu May 15 00:50:50 CEST 2014Saving bandit with ID toprate into collection : Europe
2014-05-15 00:50:50,043 - cz.cvut.fit.bouchja1.ensemble.storage.CassandraStorage - INFO - Time: Thu May 15 00:50:50 CEST 2014Saving bandit with ID latest into collection : Europe
2014-05-15 00:50:55,000 - cz.cvut.fit.bouchja1.ensemble.spring.ScheduledJob - INFO - Scheduled job to persist current application job started.
2014-05-15 00:50:55,008 - cz.cvut.fit.bouchja1.ensemble.storage.CassandraStorage - INFO - Time: Thu May 15 00:50:55 CEST 2014Saving bandit with ID cfuser into collection : morning
2014-05-15 00:50:55,015 - cz.cvut.fit.bouchja1.ensemble.storage.CassandraStorage - INFO - Time: Thu May 15 00:50:55 CEST 2014Saving bandit with ID cfitem into collection : morning
2014-05-15 00:50:55,017 - cz.cvut.fit.bouchja1.ensemble.storage.CassandraStorage - INFO - Time: Thu May 15 00:50:55 CEST 2014Saving bandit with ID random into collection : morning
2014-05-15 00:50:55,020 - cz.cvut.fit.bouchja1.ensemble.storage.CassandraStorage - INFO - Time: Thu May 15 00:50:55 CEST 2014Saving bandit with ID toprate into collection : morning
2014-05-15 00:50:55,022 - cz.cvut.fit.bouchja1.ensemble.storage.CassandraStorage - INFO - Time: Thu May 15 00:50:55 CEST 2014Saving bandit with ID latest into collection : morning
2014-05-15 00:50:55,032 - cz.cvut.fit.bouchja1.ensemble.storage.CassandraStorage - INFO - Time: Thu May 15 00:50:55 CEST 2014Saving bandit with ID cfuser into collection : Europe
2014-05-15 00:50:55,036 - cz.cvut.fit.bouchja1.ensemble.storage.CassandraStorage - INFO - Time: Thu May 15 00:50:55 CEST 2014Saving bandit with ID cfitem into collection : Europe
2014-05-15 00:50:55,040 - cz.cvut.fit.bouchja1.ensemble.storage.CassandraStorage - INFO - Time: Thu May 15 00:50:55 CEST 2014Saving bandit with ID random into collection : Europe
2014-05-15 00:50:55,059 - cz.cvut.fit.bouchja1.ensemble.storage.CassandraStorage - INFO - Time: Thu May 15 00:50:55 CEST 2014Saving bandit with ID toprate into collection : Europe
2014-05-15 00:50:55,072 - cz.cvut.fit.bouchja1.ensemble.storage.CassandraStorage - INFO - Time: Thu May 15 00:50:55 CEST 2014Saving bandit with ID latest into collection : Europe
2014-05-15 00:51:00,000 - cz.cvut.fit.bouchja1.ensemble.spring.ScheduledJob - INFO - Scheduled job to persist current application job started.
2014-05-15 00:51:00,004 - cz.cvut.fit.bouchja1.ensemble.storage.CassandraStorage - INFO - Time: Thu May 15 00:51:00 CEST 2014Saving bandit with ID cfuser into collection : morning
2014-05-15 00:51:00,007 - cz.cvut.fit.bouchja1.ensemble.storage.CassandraStorage - INFO - Time: Thu May 15 00:51:00 CEST 2014Saving bandit with ID cfitem into collection : morning
2014-05-15 00:51:00,009 - cz.cvut.fit.bouchja1.ensemble.storage.CassandraStorage - INFO - Time: Thu May 15 00:51:00 CEST 2014Saving bandit with ID random into collection : morning
2014-05-15 00:51:00,012 - cz.cvut.fit.bouchja1.ensemble.storage.CassandraStorage - INFO - Time: Thu May 15 00:51:00 CEST 2014Saving bandit with ID toprate into collection : morning
2014-05-15 00:51:00,020 - cz.cvut.fit.bouchja1.ensemble.storage.CassandraStorage - INFO - Time: Thu May 15 00:51:00 CEST 2014Saving bandit with ID latest into collection : morning
2014-05-15 00:51:00,036 - cz.cvut.fit.bouchja1.ensemble.storage.CassandraStorage - INFO - Time: Thu May 15 00:51:00 CEST 2014Saving bandit with ID cfuser into collection : Europe
2014-05-15 00:51:00,039 - cz.cvut.fit.bouchja1.ensemble.storage.CassandraStorage - INFO - Time: Thu May 15 00:51:00 CEST 2014Saving bandit with ID cfitem into collection : Europe
2014-05-15 00:51:00,045 - cz.cvut.fit.bouchja1.ensemble.storage.CassandraStorage - INFO - Time: Thu May 15 00:51:00 CEST 2014Saving bandit with ID random into collection : Europe
2014-05-15 00:51:00,049 - cz.cvut.fit.bouchja1.ensemble.storage.CassandraStorage - INFO - Time: Thu May 15 00:51:00 CEST 2014Saving bandit with ID toprate into collection : Europe
2014-05-15 00:51:00,059 - cz.cvut.fit.bouchja1.ensemble.storage.CassandraStorage - INFO - Time: Thu May 15 00:51:00 CEST 2014Saving bandit with ID latest into collection : Europe
2014-05-15 00:51:05,000 - cz.cvut.fit.bouchja1.ensemble.spring.ScheduledJob - INFO - Scheduled job to persist current application job started.
2014-05-15 00:51:05,006 - cz.cvut.fit.bouchja1.ensemble.storage.CassandraStorage - INFO - Time: Thu May 15 00:51:05 CEST 2014Saving bandit with ID cfuser into collection : morning
2014-05-15 00:51:05,008 - cz.cvut.fit.bouchja1.ensemble.storage.CassandraStorage - INFO - Time: Thu May 15 00:51:05 CEST 2014Saving bandit with ID cfitem into collection : morning
2014-05-15 00:51:05,010 - cz.cvut.fit.bouchja1.ensemble.storage.CassandraStorage - INFO - Time: Thu May 15 00:51:05 CEST 2014Saving bandit with ID random into collection : morning
2014-05-15 00:51:05,012 - cz.cvut.fit.bouchja1.ensemble.storage.CassandraStorage - INFO - Time: Thu May 15 00:51:05 CEST 2014Saving bandit with ID toprate into collection : morning
2014-05-15 00:51:05,013 - cz.cvut.fit.bouchja1.ensemble.storage.CassandraStorage - INFO - Time: Thu May 15 00:51:05 CEST 2014Saving bandit with ID latest into collection : morning
2014-05-15 00:51:05,021 - cz.cvut.fit.bouchja1.ensemble.storage.CassandraStorage - INFO - Time: Thu May 15 00:51:05 CEST 2014Saving bandit with ID cfuser into collection : Europe
2014-05-15 00:51:05,023 - cz.cvut.fit.bouchja1.ensemble.storage.CassandraStorage - INFO - Time: Thu May 15 00:51:05 CEST 2014Saving bandit with ID cfitem into collection : Europe
2014-05-15 00:51:05,025 - cz.cvut.fit.bouchja1.ensemble.storage.CassandraStorage - INFO - Time: Thu May 15 00:51:05 CEST 2014Saving bandit with ID random into collection : Europe
2014-05-15 00:51:05,027 - cz.cvut.fit.bouchja1.ensemble.storage.CassandraStorage - INFO - Time: Thu May 15 00:51:05 CEST 2014Saving bandit with ID toprate into collection : Europe
2014-05-15 00:51:05,028 - cz.cvut.fit.bouchja1.ensemble.storage.CassandraStorage - INFO - Time: Thu May 15 00:51:05 CEST 2014Saving bandit with ID latest into collection : Europe
2014-05-15 00:51:10,001 - cz.cvut.fit.bouchja1.ensemble.spring.ScheduledJob - INFO - Scheduled job to persist current application job started.
2014-05-15 00:51:10,006 - cz.cvut.fit.bouchja1.ensemble.storage.CassandraStorage - INFO - Time: Thu May 15 00:51:10 CEST 2014Saving bandit with ID cfuser into collection : morning
2014-05-15 00:51:10,008 - cz.cvut.fit.bouchja1.ensemble.storage.CassandraStorage - INFO - Time: Thu May 15 00:51:10 CEST 2014Saving bandit with ID cfitem into collection : morning
2014-05-15 00:51:10,010 - cz.cvut.fit.bouchja1.ensemble.storage.CassandraStorage - INFO - Time: Thu May 15 00:51:10 CEST 2014Saving bandit with ID random into collection : morning
2014-05-15 00:51:10,012 - cz.cvut.fit.bouchja1.ensemble.storage.CassandraStorage - INFO - Time: Thu May 15 00:51:10 CEST 2014Saving bandit with ID toprate into collection : morning
2014-05-15 00:51:10,016 - cz.cvut.fit.bouchja1.ensemble.storage.CassandraStorage - INFO - Time: Thu May 15 00:51:10 CEST 2014Saving bandit with ID latest into collection : morning
2014-05-15 00:51:10,039 - cz.cvut.fit.bouchja1.ensemble.storage.CassandraStorage - INFO - Time: Thu May 15 00:51:10 CEST 2014Saving bandit with ID cfuser into collection : Europe
2014-05-15 00:51:10,051 - cz.cvut.fit.bouchja1.ensemble.storage.CassandraStorage - INFO - Time: Thu May 15 00:51:10 CEST 2014Saving bandit with ID cfitem into collection : Europe
2014-05-15 00:51:10,064 - cz.cvut.fit.bouchja1.ensemble.storage.CassandraStorage - INFO - Time: Thu May 15 00:51:10 CEST 2014Saving bandit with ID random into collection : Europe
2014-05-15 00:51:10,072 - cz.cvut.fit.bouchja1.ensemble.storage.CassandraStorage - INFO - Time: Thu May 15 00:51:10 CEST 2014Saving bandit with ID toprate into collection : Europe
2014-05-15 00:51:10,120 - cz.cvut.fit.bouchja1.ensemble.storage.CassandraStorage - INFO - Time: Thu May 15 00:51:10 CEST 2014Saving bandit with ID latest into collection : Europe
2014-05-15 00:51:15,001 - cz.cvut.fit.bouchja1.ensemble.spring.ScheduledJob - INFO - Scheduled job to persist current application job started.
2014-05-15 00:51:15,005 - cz.cvut.fit.bouchja1.ensemble.storage.CassandraStorage - INFO - Time: Thu May 15 00:51:15 CEST 2014Saving bandit with ID cfuser into collection : morning
2014-05-15 00:51:15,007 - cz.cvut.fit.bouchja1.ensemble.storage.CassandraStorage - INFO - Time: Thu May 15 00:51:15 CEST 2014Saving bandit with ID cfitem into collection : morning
2014-05-15 00:51:15,012 - cz.cvut.fit.bouchja1.ensemble.storage.CassandraStorage - INFO - Time: Thu May 15 00:51:15 CEST 2014Saving bandit with ID random into collection : morning
2014-05-15 00:51:15,016 - cz.cvut.fit.bouchja1.ensemble.storage.CassandraStorage - INFO - Time: Thu May 15 00:51:15 CEST 2014Saving bandit with ID toprate into collection : morning
2014-05-15 00:51:15,018 - cz.cvut.fit.bouchja1.ensemble.storage.CassandraStorage - INFO - Time: Thu May 15 00:51:15 CEST 2014Saving bandit with ID latest into collection : morning
2014-05-15 00:51:15,023 - cz.cvut.fit.bouchja1.ensemble.storage.CassandraStorage - INFO - Time: Thu May 15 00:51:15 CEST 2014Saving bandit with ID cfuser into collection : Europe
2014-05-15 00:51:15,025 - cz.cvut.fit.bouchja1.ensemble.storage.CassandraStorage - INFO - Time: Thu May 15 00:51:15 CEST 2014Saving bandit with ID cfitem into collection : Europe
2014-05-15 00:51:15,028 - cz.cvut.fit.bouchja1.ensemble.storage.CassandraStorage - INFO - Time: Thu May 15 00:51:15 CEST 2014Saving bandit with ID random into collection : Europe
2014-05-15 00:51:15,035 - cz.cvut.fit.bouchja1.ensemble.storage.CassandraStorage - INFO - Time: Thu May 15 00:51:15 CEST 2014Saving bandit with ID toprate into collection : Europe
2014-05-15 00:51:15,037 - cz.cvut.fit.bouchja1.ensemble.storage.CassandraStorage - INFO - Time: Thu May 15 00:51:15 CEST 2014Saving bandit with ID latest into collection : Europe
2014-05-15 00:51:20,000 - cz.cvut.fit.bouchja1.ensemble.spring.ScheduledJob - INFO - Scheduled job to persist current application job started.
2014-05-15 00:51:20,008 - cz.cvut.fit.bouchja1.ensemble.storage.CassandraStorage - INFO - Time: Thu May 15 00:51:20 CEST 2014Saving bandit with ID cfuser into collection : morning
2014-05-15 00:51:20,010 - cz.cvut.fit.bouchja1.ensemble.storage.CassandraStorage - INFO - Time: Thu May 15 00:51:20 CEST 2014Saving bandit with ID cfitem into collection : morning
2014-05-15 00:51:20,013 - cz.cvut.fit.bouchja1.ensemble.storage.CassandraStorage - INFO - Time: Thu May 15 00:51:20 CEST 2014Saving bandit with ID random into collection : morning
2014-05-15 00:51:20,015 - cz.cvut.fit.bouchja1.ensemble.storage.CassandraStorage - INFO - Time: Thu May 15 00:51:20 CEST 2014Saving bandit with ID toprate into collection : morning
2014-05-15 00:51:20,019 - cz.cvut.fit.bouchja1.ensemble.storage.CassandraStorage - INFO - Time: Thu May 15 00:51:20 CEST 2014Saving bandit with ID latest into collection : morning
2014-05-15 00:51:20,022 - cz.cvut.fit.bouchja1.ensemble.storage.CassandraStorage - INFO - Time: Thu May 15 00:51:20 CEST 2014Saving bandit with ID cfuser into collection : Europe
2014-05-15 00:51:20,024 - cz.cvut.fit.bouchja1.ensemble.storage.CassandraStorage - INFO - Time: Thu May 15 00:51:20 CEST 2014Saving bandit with ID cfitem into collection : Europe
2014-05-15 00:51:20,026 - cz.cvut.fit.bouchja1.ensemble.storage.CassandraStorage - INFO - Time: Thu May 15 00:51:20 CEST 2014Saving bandit with ID random into collection : Europe
2014-05-15 00:51:20,029 - cz.cvut.fit.bouchja1.ensemble.storage.CassandraStorage - INFO - Time: Thu May 15 00:51:20 CEST 2014Saving bandit with ID toprate into collection : Europe
2014-05-15 00:51:20,030 - cz.cvut.fit.bouchja1.ensemble.storage.CassandraStorage - INFO - Time: Thu May 15 00:51:20 CEST 2014Saving bandit with ID latest into collection : Europe
2014-05-15 00:51:25,000 - cz.cvut.fit.bouchja1.ensemble.spring.ScheduledJob - INFO - Scheduled job to persist current application job started.
2014-05-15 00:51:25,005 - cz.cvut.fit.bouchja1.ensemble.storage.CassandraStorage - INFO - Time: Thu May 15 00:51:25 CEST 2014Saving bandit with ID cfuser into collection : morning
2014-05-15 00:51:25,007 - cz.cvut.fit.bouchja1.ensemble.storage.CassandraStorage - INFO - Time: Thu May 15 00:51:25 CEST 2014Saving bandit with ID cfitem into collection : morning
2014-05-15 00:51:25,009 - cz.cvut.fit.bouchja1.ensemble.storage.CassandraStorage - INFO - Time: Thu May 15 00:51:25 CEST 2014Saving bandit with ID random into collection : morning
2014-05-15 00:51:25,012 - cz.cvut.fit.bouchja1.ensemble.storage.CassandraStorage - INFO - Time: Thu May 15 00:51:25 CEST 2014Saving bandit with ID toprate into collection : morning
2014-05-15 00:51:25,015 - cz.cvut.fit.bouchja1.ensemble.storage.CassandraStorage - INFO - Time: Thu May 15 00:51:25 CEST 2014Saving bandit with ID latest into collection : morning
2014-05-15 00:51:25,021 - cz.cvut.fit.bouchja1.ensemble.storage.CassandraStorage - INFO - Time: Thu May 15 00:51:25 CEST 2014Saving bandit with ID cfuser into collection : Europe
2014-05-15 00:51:25,024 - cz.cvut.fit.bouchja1.ensemble.storage.CassandraStorage - INFO - Time: Thu May 15 00:51:25 CEST 2014Saving bandit with ID cfitem into collection : Europe
2014-05-15 00:51:25,026 - cz.cvut.fit.bouchja1.ensemble.storage.CassandraStorage - INFO - Time: Thu May 15 00:51:25 CEST 2014Saving bandit with ID random into collection : Europe
2014-05-15 00:51:25,028 - cz.cvut.fit.bouchja1.ensemble.storage.CassandraStorage - INFO - Time: Thu May 15 00:51:25 CEST 2014Saving bandit with ID toprate into collection : Europe
2014-05-15 00:51:25,031 - cz.cvut.fit.bouchja1.ensemble.storage.CassandraStorage - INFO - Time: Thu May 15 00:51:25 CEST 2014Saving bandit with ID latest into collection : Europe
2014-05-15 00:51:30,000 - cz.cvut.fit.bouchja1.ensemble.spring.ScheduledJob - INFO - Scheduled job to persist current application job started.
2014-05-15 00:51:30,005 - cz.cvut.fit.bouchja1.ensemble.storage.CassandraStorage - INFO - Time: Thu May 15 00:51:30 CEST 2014Saving bandit with ID cfuser into collection : morning
2014-05-15 00:51:30,008 - cz.cvut.fit.bouchja1.ensemble.storage.CassandraStorage - INFO - Time: Thu May 15 00:51:30 CEST 2014Saving bandit with ID cfitem into collection : morning
2014-05-15 00:51:30,010 - cz.cvut.fit.bouchja1.ensemble.storage.CassandraStorage - INFO - Time: Thu May 15 00:51:30 CEST 2014Saving bandit with ID random into collection : morning
2014-05-15 00:51:30,013 - cz.cvut.fit.bouchja1.ensemble.storage.CassandraStorage - INFO - Time: Thu May 15 00:51:30 CEST 2014Saving bandit with ID toprate into collection : morning
2014-05-15 00:51:30,014 - cz.cvut.fit.bouchja1.ensemble.storage.CassandraStorage - INFO - Time: Thu May 15 00:51:30 CEST 2014Saving bandit with ID latest into collection : morning
2014-05-15 00:51:30,021 - cz.cvut.fit.bouchja1.ensemble.storage.CassandraStorage - INFO - Time: Thu May 15 00:51:30 CEST 2014Saving bandit with ID cfuser into collection : Europe
2014-05-15 00:51:30,023 - cz.cvut.fit.bouchja1.ensemble.storage.CassandraStorage - INFO - Time: Thu May 15 00:51:30 CEST 2014Saving bandit with ID cfitem into collection : Europe
2014-05-15 00:51:30,025 - cz.cvut.fit.bouchja1.ensemble.storage.CassandraStorage - INFO - Time: Thu May 15 00:51:30 CEST 2014Saving bandit with ID random into collection : Europe
2014-05-15 00:51:30,027 - cz.cvut.fit.bouchja1.ensemble.storage.CassandraStorage - INFO - Time: Thu May 15 00:51:30 CEST 2014Saving bandit with ID toprate into collection : Europe
2014-05-15 00:51:30,031 - cz.cvut.fit.bouchja1.ensemble.storage.CassandraStorage - INFO - Time: Thu May 15 00:51:30 CEST 2014Saving bandit with ID latest into collection : Europe
2014-05-15 00:51:35,000 - cz.cvut.fit.bouchja1.ensemble.spring.ScheduledJob - INFO - Scheduled job to persist current application job started.
2014-05-15 00:51:35,005 - cz.cvut.fit.bouchja1.ensemble.storage.CassandraStorage - INFO - Time: Thu May 15 00:51:35 CEST 2014Saving bandit with ID cfuser into collection : morning
2014-05-15 00:51:35,007 - cz.cvut.fit.bouchja1.ensemble.storage.CassandraStorage - INFO - Time: Thu May 15 00:51:35 CEST 2014Saving bandit with ID cfitem into collection : morning
2014-05-15 00:51:35,012 - cz.cvut.fit.bouchja1.ensemble.storage.CassandraStorage - INFO - Time: Thu May 15 00:51:35 CEST 2014Saving bandit with ID random into collection : morning
2014-05-15 00:51:35,015 - cz.cvut.fit.bouchja1.ensemble.storage.CassandraStorage - INFO - Time: Thu May 15 00:51:35 CEST 2014Saving bandit with ID toprate into collection : morning
2014-05-15 00:51:35,018 - cz.cvut.fit.bouchja1.ensemble.storage.CassandraStorage - INFO - Time: Thu May 15 00:51:35 CEST 2014Saving bandit with ID latest into collection : morning
2014-05-15 00:51:35,022 - cz.cvut.fit.bouchja1.ensemble.storage.CassandraStorage - INFO - Time: Thu May 15 00:51:35 CEST 2014Saving bandit with ID cfuser into collection : Europe
2014-05-15 00:51:35,025 - cz.cvut.fit.bouchja1.ensemble.storage.CassandraStorage - INFO - Time: Thu May 15 00:51:35 CEST 2014Saving bandit with ID cfitem into collection : Europe
2014-05-15 00:51:35,027 - cz.cvut.fit.bouchja1.ensemble.storage.CassandraStorage - INFO - Time: Thu May 15 00:51:35 CEST 2014Saving bandit with ID random into collection : Europe
2014-05-15 00:51:35,031 - cz.cvut.fit.bouchja1.ensemble.storage.CassandraStorage - INFO - Time: Thu May 15 00:51:35 CEST 2014Saving bandit with ID toprate into collection : Europe
2014-05-15 00:51:35,036 - cz.cvut.fit.bouchja1.ensemble.storage.CassandraStorage - INFO - Time: Thu May 15 00:51:35 CEST 2014Saving bandit with ID latest into collection : Europe
2014-05-15 00:51:40,000 - cz.cvut.fit.bouchja1.ensemble.spring.ScheduledJob - INFO - Scheduled job to persist current application job started.
2014-05-15 00:51:40,006 - cz.cvut.fit.bouchja1.ensemble.storage.CassandraStorage - INFO - Time: Thu May 15 00:51:40 CEST 2014Saving bandit with ID cfuser into collection : morning
2014-05-15 00:51:40,010 - cz.cvut.fit.bouchja1.ensemble.storage.CassandraStorage - INFO - Time: Thu May 15 00:51:40 CEST 2014Saving bandit with ID cfitem into collection : morning
2014-05-15 00:51:40,012 - cz.cvut.fit.bouchja1.ensemble.storage.CassandraStorage - INFO - Time: Thu May 15 00:51:40 CEST 2014Saving bandit with ID random into collection : morning
2014-05-15 00:51:40,013 - cz.cvut.fit.bouchja1.ensemble.storage.CassandraStorage - INFO - Time: Thu May 15 00:51:40 CEST 2014Saving bandit with ID toprate into collection : morning
2014-05-15 00:51:40,015 - cz.cvut.fit.bouchja1.ensemble.storage.CassandraStorage - INFO - Time: Thu May 15 00:51:40 CEST 2014Saving bandit with ID latest into collection : morning
2014-05-15 00:51:40,019 - cz.cvut.fit.bouchja1.ensemble.storage.CassandraStorage - INFO - Time: Thu May 15 00:51:40 CEST 2014Saving bandit with ID cfuser into collection : Europe
2014-05-15 00:51:40,022 - cz.cvut.fit.bouchja1.ensemble.storage.CassandraStorage - INFO - Time: Thu May 15 00:51:40 CEST 2014Saving bandit with ID cfitem into collection : Europe
2014-05-15 00:51:40,024 - cz.cvut.fit.bouchja1.ensemble.storage.CassandraStorage - INFO - Time: Thu May 15 00:51:40 CEST 2014Saving bandit with ID random into collection : Europe
2014-05-15 00:51:40,026 - cz.cvut.fit.bouchja1.ensemble.storage.CassandraStorage - INFO - Time: Thu May 15 00:51:40 CEST 2014Saving bandit with ID toprate into collection : Europe
2014-05-15 00:51:40,027 - cz.cvut.fit.bouchja1.ensemble.storage.CassandraStorage - INFO - Time: Thu May 15 00:51:40 CEST 2014Saving bandit with ID latest into collection : Europe
2014-05-15 00:51:45,000 - cz.cvut.fit.bouchja1.ensemble.spring.ScheduledJob - INFO - Scheduled job to persist current application job started.
2014-05-15 00:51:45,007 - cz.cvut.fit.bouchja1.ensemble.storage.CassandraStorage - INFO - Time: Thu May 15 00:51:45 CEST 2014Saving bandit with ID cfuser into collection : morning
2014-05-15 00:51:45,009 - cz.cvut.fit.bouchja1.ensemble.storage.CassandraStorage - INFO - Time: Thu May 15 00:51:45 CEST 2014Saving bandit with ID cfitem into collection : morning
2014-05-15 00:51:45,010 - cz.cvut.fit.bouchja1.ensemble.storage.CassandraStorage - INFO - Time: Thu May 15 00:51:45 CEST 2014Saving bandit with ID random into collection : morning
2014-05-15 00:51:45,012 - cz.cvut.fit.bouchja1.ensemble.storage.CassandraStorage - INFO - Time: Thu May 15 00:51:45 CEST 2014Saving bandit with ID toprate into collection : morning
2014-05-15 00:51:45,013 - cz.cvut.fit.bouchja1.ensemble.storage.CassandraStorage - INFO - Time: Thu May 15 00:51:45 CEST 2014Saving bandit with ID latest into collection : morning
2014-05-15 00:51:45,017 - cz.cvut.fit.bouchja1.ensemble.storage.CassandraStorage - INFO - Time: Thu May 15 00:51:45 CEST 2014Saving bandit with ID cfuser into collection : Europe
2014-05-15 00:51:45,022 - cz.cvut.fit.bouchja1.ensemble.storage.CassandraStorage - INFO - Time: Thu May 15 00:51:45 CEST 2014Saving bandit with ID cfitem into collection : Europe
2014-05-15 00:51:45,023 - cz.cvut.fit.bouchja1.ensemble.storage.CassandraStorage - INFO - Time: Thu May 15 00:51:45 CEST 2014Saving bandit with ID random into collection : Europe
2014-05-15 00:51:45,025 - cz.cvut.fit.bouchja1.ensemble.storage.CassandraStorage - INFO - Time: Thu May 15 00:51:45 CEST 2014Saving bandit with ID toprate into collection : Europe
2014-05-15 00:51:45,026 - cz.cvut.fit.bouchja1.ensemble.storage.CassandraStorage - INFO - Time: Thu May 15 00:51:45 CEST 2014Saving bandit with ID latest into collection : Europe
2014-05-15 00:51:50,000 - cz.cvut.fit.bouchja1.ensemble.spring.ScheduledJob - INFO - Scheduled job to persist current application job started.
2014-05-15 00:51:50,004 - cz.cvut.fit.bouchja1.ensemble.storage.CassandraStorage - INFO - Time: Thu May 15 00:51:50 CEST 2014Saving bandit with ID cfuser into collection : morning
2014-05-15 00:51:50,005 - cz.cvut.fit.bouchja1.ensemble.storage.CassandraStorage - INFO - Time: Thu May 15 00:51:50 CEST 2014Saving bandit with ID cfitem into collection : morning
2014-05-15 00:51:50,007 - cz.cvut.fit.bouchja1.ensemble.storage.CassandraStorage - INFO - Time: Thu May 15 00:51:50 CEST 2014Saving bandit with ID random into collection : morning
2014-05-15 00:51:50,009 - cz.cvut.fit.bouchja1.ensemble.storage.CassandraStorage - INFO - Time: Thu May 15 00:51:50 CEST 2014Saving bandit with ID toprate into collection : morning
2014-05-15 00:51:50,011 - cz.cvut.fit.bouchja1.ensemble.storage.CassandraStorage - INFO - Time: Thu May 15 00:51:50 CEST 2014Saving bandit with ID latest into collection : morning
2014-05-15 00:51:50,016 - cz.cvut.fit.bouchja1.ensemble.storage.CassandraStorage - INFO - Time: Thu May 15 00:51:50 CEST 2014Saving bandit with ID cfuser into collection : Europe
2014-05-15 00:51:50,018 - cz.cvut.fit.bouchja1.ensemble.storage.CassandraStorage - INFO - Time: Thu May 15 00:51:50 CEST 2014Saving bandit with ID cfitem into collection : Europe
2014-05-15 00:51:50,020 - cz.cvut.fit.bouchja1.ensemble.storage.CassandraStorage - INFO - Time: Thu May 15 00:51:50 CEST 2014Saving bandit with ID random into collection : Europe
2014-05-15 00:51:50,022 - cz.cvut.fit.bouchja1.ensemble.storage.CassandraStorage - INFO - Time: Thu May 15 00:51:50 CEST 2014Saving bandit with ID toprate into collection : Europe
2014-05-15 00:51:50,024 - cz.cvut.fit.bouchja1.ensemble.storage.CassandraStorage - INFO - Time: Thu May 15 00:51:50 CEST 2014Saving bandit with ID latest into collection : Europe
2014-05-15 00:51:55,000 - cz.cvut.fit.bouchja1.ensemble.spring.ScheduledJob - INFO - Scheduled job to persist current application job started.
2014-05-15 00:51:55,006 - cz.cvut.fit.bouchja1.ensemble.storage.CassandraStorage - INFO - Time: Thu May 15 00:51:55 CEST 2014Saving bandit with ID cfuser into collection : morning
2014-05-15 00:51:55,008 - cz.cvut.fit.bouchja1.ensemble.storage.CassandraStorage - INFO - Time: Thu May 15 00:51:55 CEST 2014Saving bandit with ID cfitem into collection : morning
2014-05-15 00:51:55,012 - cz.cvut.fit.bouchja1.ensemble.storage.CassandraStorage - INFO - Time: Thu May 15 00:51:55 CEST 2014Saving bandit with ID random into collection : morning
2014-05-15 00:51:55,014 - cz.cvut.fit.bouchja1.ensemble.storage.CassandraStorage - INFO - Time: Thu May 15 00:51:55 CEST 2014Saving bandit with ID toprate into collection : morning
2014-05-15 00:51:55,019 - cz.cvut.fit.bouchja1.ensemble.storage.CassandraStorage - INFO - Time: Thu May 15 00:51:55 CEST 2014Saving bandit with ID latest into collection : morning
2014-05-15 00:51:55,025 - cz.cvut.fit.bouchja1.ensemble.storage.CassandraStorage - INFO - Time: Thu May 15 00:51:55 CEST 2014Saving bandit with ID cfuser into collection : Europe
2014-05-15 00:51:55,026 - cz.cvut.fit.bouchja1.ensemble.storage.CassandraStorage - INFO - Time: Thu May 15 00:51:55 CEST 2014Saving bandit with ID cfitem into collection : Europe
2014-05-15 00:51:55,028 - cz.cvut.fit.bouchja1.ensemble.storage.CassandraStorage - INFO - Time: Thu May 15 00:51:55 CEST 2014Saving bandit with ID random into collection : Europe
2014-05-15 00:51:55,030 - cz.cvut.fit.bouchja1.ensemble.storage.CassandraStorage - INFO - Time: Thu May 15 00:51:55 CEST 2014Saving bandit with ID toprate into collection : Europe
2014-05-15 00:51:55,033 - cz.cvut.fit.bouchja1.ensemble.storage.CassandraStorage - INFO - Time: Thu May 15 00:51:55 CEST 2014Saving bandit with ID latest into collection : Europe
2014-05-15 00:52:00,000 - cz.cvut.fit.bouchja1.ensemble.spring.ScheduledJob - INFO - Scheduled job to persist current application job started.
2014-05-15 00:52:00,008 - cz.cvut.fit.bouchja1.ensemble.storage.CassandraStorage - INFO - Time: Thu May 15 00:52:00 CEST 2014Saving bandit with ID cfuser into collection : morning
2014-05-15 00:52:00,010 - cz.cvut.fit.bouchja1.ensemble.storage.CassandraStorage - INFO - Time: Thu May 15 00:52:00 CEST 2014Saving bandit with ID cfitem into collection : morning
2014-05-15 00:52:00,013 - cz.cvut.fit.bouchja1.ensemble.storage.CassandraStorage - INFO - Time: Thu May 15 00:52:00 CEST 2014Saving bandit with ID random into collection : morning
2014-05-15 00:52:00,015 - cz.cvut.fit.bouchja1.ensemble.storage.CassandraStorage - INFO - Time: Thu May 15 00:52:00 CEST 2014Saving bandit with ID toprate into collection : morning
2014-05-15 00:52:00,018 - cz.cvut.fit.bouchja1.ensemble.storage.CassandraStorage - INFO - Time: Thu May 15 00:52:00 CEST 2014Saving bandit with ID latest into collection : morning
2014-05-15 00:52:00,022 - cz.cvut.fit.bouchja1.ensemble.storage.CassandraStorage - INFO - Time: Thu May 15 00:52:00 CEST 2014Saving bandit with ID cfuser into collection : Europe
2014-05-15 00:52:00,024 - cz.cvut.fit.bouchja1.ensemble.storage.CassandraStorage - INFO - Time: Thu May 15 00:52:00 CEST 2014Saving bandit with ID cfitem into collection : Europe
2014-05-15 00:52:00,027 - cz.cvut.fit.bouchja1.ensemble.storage.CassandraStorage - INFO - Time: Thu May 15 00:52:00 CEST 2014Saving bandit with ID random into collection : Europe
2014-05-15 00:52:00,028 - cz.cvut.fit.bouchja1.ensemble.storage.CassandraStorage - INFO - Time: Thu May 15 00:52:00 CEST 2014Saving bandit with ID toprate into collection : Europe
2014-05-15 00:52:00,030 - cz.cvut.fit.bouchja1.ensemble.storage.CassandraStorage - INFO - Time: Thu May 15 00:52:00 CEST 2014Saving bandit with ID latest into collection : Europe
2014-05-15 00:52:05,000 - cz.cvut.fit.bouchja1.ensemble.spring.ScheduledJob - INFO - Scheduled job to persist current application job started.
2014-05-15 00:52:05,008 - cz.cvut.fit.bouchja1.ensemble.storage.CassandraStorage - INFO - Time: Thu May 15 00:52:05 CEST 2014Saving bandit with ID cfuser into collection : morning
2014-05-15 00:52:05,010 - cz.cvut.fit.bouchja1.ensemble.storage.CassandraStorage - INFO - Time: Thu May 15 00:52:05 CEST 2014Saving bandit with ID cfitem into collection : morning
2014-05-15 00:52:05,012 - cz.cvut.fit.bouchja1.ensemble.storage.CassandraStorage - INFO - Time: Thu May 15 00:52:05 CEST 2014Saving bandit with ID random into collection : morning
2014-05-15 00:52:05,014 - cz.cvut.fit.bouchja1.ensemble.storage.CassandraStorage - INFO - Time: Thu May 15 00:52:05 CEST 2014Saving bandit with ID toprate into collection : morning
2014-05-15 00:52:05,016 - cz.cvut.fit.bouchja1.ensemble.storage.CassandraStorage - INFO - Time: Thu May 15 00:52:05 CEST 2014Saving bandit with ID latest into collection : morning
2014-05-15 00:52:05,019 - cz.cvut.fit.bouchja1.ensemble.storage.CassandraStorage - INFO - Time: Thu May 15 00:52:05 CEST 2014Saving bandit with ID cfuser into collection : Europe
2014-05-15 00:52:05,021 - cz.cvut.fit.bouchja1.ensemble.storage.CassandraStorage - INFO - Time: Thu May 15 00:52:05 CEST 2014Saving bandit with ID cfitem into collection : Europe
2014-05-15 00:52:05,022 - cz.cvut.fit.bouchja1.ensemble.storage.CassandraStorage - INFO - Time: Thu May 15 00:52:05 CEST 2014Saving bandit with ID random into collection : Europe
2014-05-15 00:52:05,024 - cz.cvut.fit.bouchja1.ensemble.storage.CassandraStorage - INFO - Time: Thu May 15 00:52:05 CEST 2014Saving bandit with ID toprate into collection : Europe
2014-05-15 00:52:05,025 - cz.cvut.fit.bouchja1.ensemble.storage.CassandraStorage - INFO - Time: Thu May 15 00:52:05 CEST 2014Saving bandit with ID latest into collection : Europe
2014-05-15 00:52:10,001 - cz.cvut.fit.bouchja1.ensemble.spring.ScheduledJob - INFO - Scheduled job to persist current application job started.
2014-05-15 00:52:10,005 - cz.cvut.fit.bouchja1.ensemble.storage.CassandraStorage - INFO - Time: Thu May 15 00:52:10 CEST 2014Saving bandit with ID cfuser into collection : morning
2014-05-15 00:52:10,007 - cz.cvut.fit.bouchja1.ensemble.storage.CassandraStorage - INFO - Time: Thu May 15 00:52:10 CEST 2014Saving bandit with ID cfitem into collection : morning
2014-05-15 00:52:10,008 - cz.cvut.fit.bouchja1.ensemble.storage.CassandraStorage - INFO - Time: Thu May 15 00:52:10 CEST 2014Saving bandit with ID random into collection : morning
2014-05-15 00:52:10,010 - cz.cvut.fit.bouchja1.ensemble.storage.CassandraStorage - INFO - Time: Thu May 15 00:52:10 CEST 2014Saving bandit with ID toprate into collection : morning
2014-05-15 00:52:10,011 - cz.cvut.fit.bouchja1.ensemble.storage.CassandraStorage - INFO - Time: Thu May 15 00:52:10 CEST 2014Saving bandit with ID latest into collection : morning
2014-05-15 00:52:10,014 - cz.cvut.fit.bouchja1.ensemble.storage.CassandraStorage - INFO - Time: Thu May 15 00:52:10 CEST 2014Saving bandit with ID cfuser into collection : Europe
2014-05-15 00:52:10,016 - cz.cvut.fit.bouchja1.ensemble.storage.CassandraStorage - INFO - Time: Thu May 15 00:52:10 CEST 2014Saving bandit with ID cfitem into collection : Europe
2014-05-15 00:52:10,017 - cz.cvut.fit.bouchja1.ensemble.storage.CassandraStorage - INFO - Time: Thu May 15 00:52:10 CEST 2014Saving bandit with ID random into collection : Europe
2014-05-15 00:52:10,019 - cz.cvut.fit.bouchja1.ensemble.storage.CassandraStorage - INFO - Time: Thu May 15 00:52:10 CEST 2014Saving bandit with ID toprate into collection : Europe
2014-05-15 00:52:10,020 - cz.cvut.fit.bouchja1.ensemble.storage.CassandraStorage - INFO - Time: Thu May 15 00:52:10 CEST 2014Saving bandit with ID latest into collection : Europe
2014-05-15 00:52:15,001 - cz.cvut.fit.bouchja1.ensemble.spring.ScheduledJob - INFO - Scheduled job to persist current application job started.
2014-05-15 00:52:15,016 - cz.cvut.fit.bouchja1.ensemble.storage.CassandraStorage - INFO - Time: Thu May 15 00:52:15 CEST 2014Saving bandit with ID cfuser into collection : morning
2014-05-15 00:52:15,017 - cz.cvut.fit.bouchja1.ensemble.storage.CassandraStorage - INFO - Time: Thu May 15 00:52:15 CEST 2014Saving bandit with ID cfitem into collection : morning
2014-05-15 00:52:15,019 - cz.cvut.fit.bouchja1.ensemble.storage.CassandraStorage - INFO - Time: Thu May 15 00:52:15 CEST 2014Saving bandit with ID random into collection : morning
2014-05-15 00:52:15,020 - cz.cvut.fit.bouchja1.ensemble.storage.CassandraStorage - INFO - Time: Thu May 15 00:52:15 CEST 2014Saving bandit with ID toprate into collection : morning
2014-05-15 00:52:15,022 - cz.cvut.fit.bouchja1.ensemble.storage.CassandraStorage - INFO - Time: Thu May 15 00:52:15 CEST 2014Saving bandit with ID latest into collection : morning
2014-05-15 00:52:15,025 - cz.cvut.fit.bouchja1.ensemble.storage.CassandraStorage - INFO - Time: Thu May 15 00:52:15 CEST 2014Saving bandit with ID cfuser into collection : Europe
2014-05-15 00:52:15,027 - cz.cvut.fit.bouchja1.ensemble.storage.CassandraStorage - INFO - Time: Thu May 15 00:52:15 CEST 2014Saving bandit with ID cfitem into collection : Europe
2014-05-15 00:52:15,028 - cz.cvut.fit.bouchja1.ensemble.storage.CassandraStorage - INFO - Time: Thu May 15 00:52:15 CEST 2014Saving bandit with ID random into collection : Europe
2014-05-15 00:52:15,030 - cz.cvut.fit.bouchja1.ensemble.storage.CassandraStorage - INFO - Time: Thu May 15 00:52:15 CEST 2014Saving bandit with ID toprate into collection : Europe
2014-05-15 00:52:15,031 - cz.cvut.fit.bouchja1.ensemble.storage.CassandraStorage - INFO - Time: Thu May 15 00:52:15 CEST 2014Saving bandit with ID latest into collection : Europe
2014-05-15 00:52:20,001 - cz.cvut.fit.bouchja1.ensemble.spring.ScheduledJob - INFO - Scheduled job to persist current application job started.
2014-05-15 00:52:20,009 - cz.cvut.fit.bouchja1.ensemble.storage.CassandraStorage - INFO - Time: Thu May 15 00:52:20 CEST 2014Saving bandit with ID cfuser into collection : morning
2014-05-15 00:52:20,010 - cz.cvut.fit.bouchja1.ensemble.storage.CassandraStorage - INFO - Time: Thu May 15 00:52:20 CEST 2014Saving bandit with ID cfitem into collection : morning
2014-05-15 00:52:20,012 - cz.cvut.fit.bouchja1.ensemble.storage.CassandraStorage - INFO - Time: Thu May 15 00:52:20 CEST 2014Saving bandit with ID random into collection : morning
2014-05-15 00:52:20,013 - cz.cvut.fit.bouchja1.ensemble.storage.CassandraStorage - INFO - Time: Thu May 15 00:52:20 CEST 2014Saving bandit with ID toprate into collection : morning
2014-05-15 00:52:20,016 - cz.cvut.fit.bouchja1.ensemble.storage.CassandraStorage - INFO - Time: Thu May 15 00:52:20 CEST 2014Saving bandit with ID latest into collection : morning
2014-05-15 00:52:20,022 - cz.cvut.fit.bouchja1.ensemble.storage.CassandraStorage - INFO - Time: Thu May 15 00:52:20 CEST 2014Saving bandit with ID cfuser into collection : Europe
2014-05-15 00:52:20,023 - cz.cvut.fit.bouchja1.ensemble.storage.CassandraStorage - INFO - Time: Thu May 15 00:52:20 CEST 2014Saving bandit with ID cfitem into collection : Europe
2014-05-15 00:52:20,026 - cz.cvut.fit.bouchja1.ensemble.storage.CassandraStorage - INFO - Time: Thu May 15 00:52:20 CEST 2014Saving bandit with ID random into collection : Europe
2014-05-15 00:52:20,028 - cz.cvut.fit.bouchja1.ensemble.storage.CassandraStorage - INFO - Time: Thu May 15 00:52:20 CEST 2014Saving bandit with ID toprate into collection : Europe
2014-05-15 00:52:20,030 - cz.cvut.fit.bouchja1.ensemble.storage.CassandraStorage - INFO - Time: Thu May 15 00:52:20 CEST 2014Saving bandit with ID latest into collection : Europe
2014-05-15 00:52:25,001 - cz.cvut.fit.bouchja1.ensemble.spring.ScheduledJob - INFO - Scheduled job to persist current application job started.
2014-05-15 00:52:25,005 - cz.cvut.fit.bouchja1.ensemble.storage.CassandraStorage - INFO - Time: Thu May 15 00:52:25 CEST 2014Saving bandit with ID cfuser into collection : morning
2014-05-15 00:52:25,007 - cz.cvut.fit.bouchja1.ensemble.storage.CassandraStorage - INFO - Time: Thu May 15 00:52:25 CEST 2014Saving bandit with ID cfitem into collection : morning
2014-05-15 00:52:25,009 - cz.cvut.fit.bouchja1.ensemble.storage.CassandraStorage - INFO - Time: Thu May 15 00:52:25 CEST 2014Saving bandit with ID random into collection : morning
2014-05-15 00:52:25,010 - cz.cvut.fit.bouchja1.ensemble.storage.CassandraStorage - INFO - Time: Thu May 15 00:52:25 CEST 2014Saving bandit with ID toprate into collection : morning
2014-05-15 00:52:25,017 - cz.cvut.fit.bouchja1.ensemble.storage.CassandraStorage - INFO - Time: Thu May 15 00:52:25 CEST 2014Saving bandit with ID latest into collection : morning
2014-05-15 00:52:25,024 - cz.cvut.fit.bouchja1.ensemble.storage.CassandraStorage - INFO - Time: Thu May 15 00:52:25 CEST 2014Saving bandit with ID cfuser into collection : Europe
2014-05-15 00:52:25,026 - cz.cvut.fit.bouchja1.ensemble.storage.CassandraStorage - INFO - Time: Thu May 15 00:52:25 CEST 2014Saving bandit with ID cfitem into collection : Europe
2014-05-15 00:52:25,029 - cz.cvut.fit.bouchja1.ensemble.storage.CassandraStorage - INFO - Time: Thu May 15 00:52:25 CEST 2014Saving bandit with ID random into collection : Europe
2014-05-15 00:52:25,033 - cz.cvut.fit.bouchja1.ensemble.storage.CassandraStorage - INFO - Time: Thu May 15 00:52:25 CEST 2014Saving bandit with ID toprate into collection : Europe
2014-05-15 00:52:25,035 - cz.cvut.fit.bouchja1.ensemble.storage.CassandraStorage - INFO - Time: Thu May 15 00:52:25 CEST 2014Saving bandit with ID latest into collection : Europe
2014-05-15 00:52:30,000 - cz.cvut.fit.bouchja1.ensemble.spring.ScheduledJob - INFO - Scheduled job to persist current application job started.
2014-05-15 00:52:30,004 - cz.cvut.fit.bouchja1.ensemble.storage.CassandraStorage - INFO - Time: Thu May 15 00:52:30 CEST 2014Saving bandit with ID cfuser into collection : morning
2014-05-15 00:52:30,005 - cz.cvut.fit.bouchja1.ensemble.storage.CassandraStorage - INFO - Time: Thu May 15 00:52:30 CEST 2014Saving bandit with ID cfitem into collection : morning
2014-05-15 00:52:30,008 - cz.cvut.fit.bouchja1.ensemble.storage.CassandraStorage - INFO - Time: Thu May 15 00:52:30 CEST 2014Saving bandit with ID random into collection : morning
2014-05-15 00:52:30,010 - cz.cvut.fit.bouchja1.ensemble.storage.CassandraStorage - INFO - Time: Thu May 15 00:52:30 CEST 2014Saving bandit with ID toprate into collection : morning
2014-05-15 00:52:30,011 - cz.cvut.fit.bouchja1.ensemble.storage.CassandraStorage - INFO - Time: Thu May 15 00:52:30 CEST 2014Saving bandit with ID latest into collection : morning
2014-05-15 00:52:30,016 - cz.cvut.fit.bouchja1.ensemble.storage.CassandraStorage - INFO - Time: Thu May 15 00:52:30 CEST 2014Saving bandit with ID cfuser into collection : Europe
2014-05-15 00:52:30,018 - cz.cvut.fit.bouchja1.ensemble.storage.CassandraStorage - INFO - Time: Thu May 15 00:52:30 CEST 2014Saving bandit with ID cfitem into collection : Europe
2014-05-15 00:52:30,021 - cz.cvut.fit.bouchja1.ensemble.storage.CassandraStorage - INFO - Time: Thu May 15 00:52:30 CEST 2014Saving bandit with ID random into collection : Europe
2014-05-15 00:52:30,022 - cz.cvut.fit.bouchja1.ensemble.storage.CassandraStorage - INFO - Time: Thu May 15 00:52:30 CEST 2014Saving bandit with ID toprate into collection : Europe
2014-05-15 00:52:30,023 - cz.cvut.fit.bouchja1.ensemble.storage.CassandraStorage - INFO - Time: Thu May 15 00:52:30 CEST 2014Saving bandit with ID latest into collection : Europe
2014-05-15 00:52:35,000 - cz.cvut.fit.bouchja1.ensemble.spring.ScheduledJob - INFO - Scheduled job to persist current application job started.
2014-05-15 00:52:35,005 - cz.cvut.fit.bouchja1.ensemble.storage.CassandraStorage - INFO - Time: Thu May 15 00:52:35 CEST 2014Saving bandit with ID cfuser into collection : morning
2014-05-15 00:52:35,008 - cz.cvut.fit.bouchja1.ensemble.storage.CassandraStorage - INFO - Time: Thu May 15 00:52:35 CEST 2014Saving bandit with ID cfitem into collection : morning
2014-05-15 00:52:35,010 - cz.cvut.fit.bouchja1.ensemble.storage.CassandraStorage - INFO - Time: Thu May 15 00:52:35 CEST 2014Saving bandit with ID random into collection : morning
2014-05-15 00:52:35,011 - cz.cvut.fit.bouchja1.ensemble.storage.CassandraStorage - INFO - Time: Thu May 15 00:52:35 CEST 2014Saving bandit with ID toprate into collection : morning
2014-05-15 00:52:35,013 - cz.cvut.fit.bouchja1.ensemble.storage.CassandraStorage - INFO - Time: Thu May 15 00:52:35 CEST 2014Saving bandit with ID latest into collection : morning
2014-05-15 00:52:35,016 - cz.cvut.fit.bouchja1.ensemble.storage.CassandraStorage - INFO - Time: Thu May 15 00:52:35 CEST 2014Saving bandit with ID cfuser into collection : Europe
2014-05-15 00:52:35,018 - cz.cvut.fit.bouchja1.ensemble.storage.CassandraStorage - INFO - Time: Thu May 15 00:52:35 CEST 2014Saving bandit with ID cfitem into collection : Europe
2014-05-15 00:52:35,020 - cz.cvut.fit.bouchja1.ensemble.storage.CassandraStorage - INFO - Time: Thu May 15 00:52:35 CEST 2014Saving bandit with ID random into collection : Europe
2014-05-15 00:52:35,022 - cz.cvut.fit.bouchja1.ensemble.storage.CassandraStorage - INFO - Time: Thu May 15 00:52:35 CEST 2014Saving bandit with ID toprate into collection : Europe
2014-05-15 00:52:35,024 - cz.cvut.fit.bouchja1.ensemble.storage.CassandraStorage - INFO - Time: Thu May 15 00:52:35 CEST 2014Saving bandit with ID latest into collection : Europe
2014-05-15 00:52:40,001 - cz.cvut.fit.bouchja1.ensemble.spring.ScheduledJob - INFO - Scheduled job to persist current application job started.
2014-05-15 00:52:40,006 - cz.cvut.fit.bouchja1.ensemble.storage.CassandraStorage - INFO - Time: Thu May 15 00:52:40 CEST 2014Saving bandit with ID cfuser into collection : morning
2014-05-15 00:52:40,040 - cz.cvut.fit.bouchja1.ensemble.storage.CassandraStorage - INFO - Time: Thu May 15 00:52:40 CEST 2014Saving bandit with ID cfitem into collection : morning
2014-05-15 00:52:40,042 - cz.cvut.fit.bouchja1.ensemble.storage.CassandraStorage - INFO - Time: Thu May 15 00:52:40 CEST 2014Saving bandit with ID random into collection : morning
2014-05-15 00:52:40,047 - cz.cvut.fit.bouchja1.ensemble.storage.CassandraStorage - INFO - Time: Thu May 15 00:52:40 CEST 2014Saving bandit with ID toprate into collection : morning
2014-05-15 00:52:40,049 - cz.cvut.fit.bouchja1.ensemble.storage.CassandraStorage - INFO - Time: Thu May 15 00:52:40 CEST 2014Saving bandit with ID latest into collection : morning
2014-05-15 00:52:40,053 - cz.cvut.fit.bouchja1.ensemble.storage.CassandraStorage - INFO - Time: Thu May 15 00:52:40 CEST 2014Saving bandit with ID cfuser into collection : Europe
2014-05-15 00:52:40,056 - cz.cvut.fit.bouchja1.ensemble.storage.CassandraStorage - INFO - Time: Thu May 15 00:52:40 CEST 2014Saving bandit with ID cfitem into collection : Europe
2014-05-15 00:52:40,059 - cz.cvut.fit.bouchja1.ensemble.storage.CassandraStorage - INFO - Time: Thu May 15 00:52:40 CEST 2014Saving bandit with ID random into collection : Europe
2014-05-15 00:52:40,063 - cz.cvut.fit.bouchja1.ensemble.storage.CassandraStorage - INFO - Time: Thu May 15 00:52:40 CEST 2014Saving bandit with ID toprate into collection : Europe
2014-05-15 00:52:40,066 - cz.cvut.fit.bouchja1.ensemble.storage.CassandraStorage - INFO - Time: Thu May 15 00:52:40 CEST 2014Saving bandit with ID latest into collection : Europe
2014-05-15 00:52:45,000 - cz.cvut.fit.bouchja1.ensemble.spring.ScheduledJob - INFO - Scheduled job to persist current application job started.
2014-05-15 00:52:45,004 - cz.cvut.fit.bouchja1.ensemble.storage.CassandraStorage - INFO - Time: Thu May 15 00:52:45 CEST 2014Saving bandit with ID cfuser into collection : morning
2014-05-15 00:52:45,006 - cz.cvut.fit.bouchja1.ensemble.storage.CassandraStorage - INFO - Time: Thu May 15 00:52:45 CEST 2014Saving bandit with ID cfitem into collection : morning
2014-05-15 00:52:45,007 - cz.cvut.fit.bouchja1.ensemble.storage.CassandraStorage - INFO - Time: Thu May 15 00:52:45 CEST 2014Saving bandit with ID random into collection : morning
2014-05-15 00:52:45,010 - cz.cvut.fit.bouchja1.ensemble.storage.CassandraStorage - INFO - Time: Thu May 15 00:52:45 CEST 2014Saving bandit with ID toprate into collection : morning
2014-05-15 00:52:45,013 - cz.cvut.fit.bouchja1.ensemble.storage.CassandraStorage - INFO - Time: Thu May 15 00:52:45 CEST 2014Saving bandit with ID latest into collection : morning
2014-05-15 00:52:45,017 - cz.cvut.fit.bouchja1.ensemble.storage.CassandraStorage - INFO - Time: Thu May 15 00:52:45 CEST 2014Saving bandit with ID cfuser into collection : Europe
2014-05-15 00:52:45,019 - cz.cvut.fit.bouchja1.ensemble.storage.CassandraStorage - INFO - Time: Thu May 15 00:52:45 CEST 2014Saving bandit with ID cfitem into collection : Europe
2014-05-15 00:52:45,021 - cz.cvut.fit.bouchja1.ensemble.storage.CassandraStorage - INFO - Time: Thu May 15 00:52:45 CEST 2014Saving bandit with ID random into collection : Europe
2014-05-15 00:52:45,022 - cz.cvut.fit.bouchja1.ensemble.storage.CassandraStorage - INFO - Time: Thu May 15 00:52:45 CEST 2014Saving bandit with ID toprate into collection : Europe
2014-05-15 00:52:45,024 - cz.cvut.fit.bouchja1.ensemble.storage.CassandraStorage - INFO - Time: Thu May 15 00:52:45 CEST 2014Saving bandit with ID latest into collection : Europe
2014-05-15 00:52:50,000 - cz.cvut.fit.bouchja1.ensemble.spring.ScheduledJob - INFO - Scheduled job to persist current application job started.
2014-05-15 00:52:50,006 - cz.cvut.fit.bouchja1.ensemble.storage.CassandraStorage - INFO - Time: Thu May 15 00:52:50 CEST 2014Saving bandit with ID cfuser into collection : morning
2014-05-15 00:52:50,007 - cz.cvut.fit.bouchja1.ensemble.storage.CassandraStorage - INFO - Time: Thu May 15 00:52:50 CEST 2014Saving bandit with ID cfitem into collection : morning
2014-05-15 00:52:50,008 - cz.cvut.fit.bouchja1.ensemble.storage.CassandraStorage - INFO - Time: Thu May 15 00:52:50 CEST 2014Saving bandit with ID random into collection : morning
2014-05-15 00:52:50,009 - cz.cvut.fit.bouchja1.ensemble.storage.CassandraStorage - INFO - Time: Thu May 15 00:52:50 CEST 2014Saving bandit with ID toprate into collection : morning
2014-05-15 00:52:50,011 - cz.cvut.fit.bouchja1.ensemble.storage.CassandraStorage - INFO - Time: Thu May 15 00:52:50 CEST 2014Saving bandit with ID latest into collection : morning
2014-05-15 00:52:50,014 - cz.cvut.fit.bouchja1.ensemble.storage.CassandraStorage - INFO - Time: Thu May 15 00:52:50 CEST 2014Saving bandit with ID cfuser into collection : Europe
2014-05-15 00:52:50,016 - cz.cvut.fit.bouchja1.ensemble.storage.CassandraStorage - INFO - Time: Thu May 15 00:52:50 CEST 2014Saving bandit with ID cfitem into collection : Europe
2014-05-15 00:52:50,017 - cz.cvut.fit.bouchja1.ensemble.storage.CassandraStorage - INFO - Time: Thu May 15 00:52:50 CEST 2014Saving bandit with ID random into collection : Europe
2014-05-15 00:52:50,019 - cz.cvut.fit.bouchja1.ensemble.storage.CassandraStorage - INFO - Time: Thu May 15 00:52:50 CEST 2014Saving bandit with ID toprate into collection : Europe
2014-05-15 00:52:50,022 - cz.cvut.fit.bouchja1.ensemble.storage.CassandraStorage - INFO - Time: Thu May 15 00:52:50 CEST 2014Saving bandit with ID latest into collection : Europe
2014-05-15 00:52:55,000 - cz.cvut.fit.bouchja1.ensemble.spring.ScheduledJob - INFO - Scheduled job to persist current application job started.
2014-05-15 00:52:55,005 - cz.cvut.fit.bouchja1.ensemble.storage.CassandraStorage - INFO - Time: Thu May 15 00:52:55 CEST 2014Saving bandit with ID cfuser into collection : morning
2014-05-15 00:52:55,007 - cz.cvut.fit.bouchja1.ensemble.storage.CassandraStorage - INFO - Time: Thu May 15 00:52:55 CEST 2014Saving bandit with ID cfitem into collection : morning
2014-05-15 00:52:55,009 - cz.cvut.fit.bouchja1.ensemble.storage.CassandraStorage - INFO - Time: Thu May 15 00:52:55 CEST 2014Saving bandit with ID random into collection : morning
2014-05-15 00:52:55,010 - cz.cvut.fit.bouchja1.ensemble.storage.CassandraStorage - INFO - Time: Thu May 15 00:52:55 CEST 2014Saving bandit with ID toprate into collection : morning
2014-05-15 00:52:55,013 - cz.cvut.fit.bouchja1.ensemble.storage.CassandraStorage - INFO - Time: Thu May 15 00:52:55 CEST 2014Saving bandit with ID latest into collection : morning
2014-05-15 00:52:55,017 - cz.cvut.fit.bouchja1.ensemble.storage.CassandraStorage - INFO - Time: Thu May 15 00:52:55 CEST 2014Saving bandit with ID cfuser into collection : Europe
2014-05-15 00:52:55,019 - cz.cvut.fit.bouchja1.ensemble.storage.CassandraStorage - INFO - Time: Thu May 15 00:52:55 CEST 2014Saving bandit with ID cfitem into collection : Europe
2014-05-15 00:52:55,021 - cz.cvut.fit.bouchja1.ensemble.storage.CassandraStorage - INFO - Time: Thu May 15 00:52:55 CEST 2014Saving bandit with ID random into collection : Europe
2014-05-15 00:52:55,023 - cz.cvut.fit.bouchja1.ensemble.storage.CassandraStorage - INFO - Time: Thu May 15 00:52:55 CEST 2014Saving bandit with ID toprate into collection : Europe
2014-05-15 00:52:55,025 - cz.cvut.fit.bouchja1.ensemble.storage.CassandraStorage - INFO - Time: Thu May 15 00:52:55 CEST 2014Saving bandit with ID latest into collection : Europe
                                                                                                                                                                                                                                                                                                                                                                                                                                                                                                                                                                                                                                                                                                                                                                                                                                                                                                                                                                                                                                                                                                                                                                                                                                                                                                                                                                                                                                                                                                                                                                                                                                                                                                                                                                                                                                                                                                                                                                                                                                                                                                                                                                                                                                                                                                                                                                                                                                                                                                                                                                                                                                                                                                    